  Compiling CUDA source file kernel.cu...
  
  C:\Users\dybo1\source\repos\Projekt\Projekt>"C:\Program Files\NVIDIA GPU Computing Toolkit\CUDA\v12.9\bin\nvcc.exe" -gencode=arch=compute_52,code=\"sm_52,compute_52\" --use-local-env -ccbin "C:\Program Files\Microsoft Visual Studio\2022\Community\VC\Tools\MSVC\14.43.34808\bin\HostX64\x64" -x cu   -I"C:\Program Files\NVIDIA GPU Computing Toolkit\CUDA\v12.9\include" -I"C:\Program Files\NVIDIA GPU Computing Toolkit\CUDA\v12.9\include"  -G   --keep-dir x64\Debug  -maxrregcount=0    --machine 64 --compile -cudart static  -g  -DWIN32 -DWIN64 -D_DEBUG -D_CONSOLE -D_MBCS -Xcompiler "/EHsc /W3 /nologo /Od /FS /Zi /RTC1 /MDd " -Xcompiler "/Fdx64\Debug\vc143.pdb" -o C:\Users\dybo1\source\repos\Projekt\Projekt\x64\Debug\kernel.cu.obj "C:\Users\dybo1\source\repos\Projekt\Projekt\kernel.cu" 
C:\Users\dybo1\source\repos\Projekt\Projekt\stb_image.h(4276): warning #550-D: variable "old_limit" was set but never used
       unsigned int cur, limit, old_limit;
                                ^
  
  Remark: The warnings can be suppressed with "-diag-suppress <warning-number>"
  
C:\Users\dybo1\source\repos\Projekt\Projekt\stb_image.h(5185): warning #550-D: variable "idata_limit_old" was set but never used
                   stbi__uint32 idata_limit_old = idata_limit;
                                ^
  
C:\Users\dybo1\source\repos\Projekt\Projekt\stb_image.h(6972): warning #550-D: variable "out_size" was set but never used
          int out_size = 0;
              ^
  
C:\Users\dybo1\source\repos\Projekt\Projekt\stb_image.h(6973): warning #550-D: variable "delays_size" was set but never used
          int delays_size = 0;
              ^
  
C:\Users\dybo1\source\repos\Projekt\Projekt\kernel.cu(74): warning #177-D: variable "temp" was declared but never referenced
    	int temp = 1;
    	    ^
  
CUDACOMPILE : nvcc warning : Support for offline compilation for architectures prior to '<compute/sm/lto>_75' will be removed in a future release (Use -Wno-deprecated-gpu-targets to suppress warning).
  kernel.cu
  tmpxft_00005610_00000000-7_kernel.cudafe1.cpp
     Trwa tworzenie biblioteki C:\Users\dybo1\source\repos\Projekt\x64\Debug\Projekt.lib i obiektu C:\Users\dybo1\source\repos\Projekt\x64\Debug\Projekt.exp
LINK : warning LNK4098: domyślna biblioteka "LIBCMT" powoduje konflikt z innymi bibliotekami; użyj opcji /NODEFAULTLIB:biblioteka
  Projekt.vcxproj -> C:\Users\dybo1\source\repos\Projekt\x64\Debug\Projekt.exe
